This file contains any messages produced by compilers while
running configure, to aid debugging if configure makes a mistake.

It was created by idevicerestore configure 1.0, which was
generated by GNU Autoconf 2.69.  Invocation command line was

  $ ./configure 

## --------- ##
## Platform. ##
## --------- ##

hostname = Zanes-MacBook-Pro-2.local
uname -m = x86_64
uname -r = 20.0.0
uname -s = Darwin
uname -v = Darwin Kernel Version 20.0.0: Wed Jul 15 21:07:06 PDT 2020; root:xnu-7155.0.0.131.6~1/RELEASE_X86_64

/usr/bin/uname -p = i386
/bin/uname -X     = unknown

/bin/arch              = unknown
/usr/bin/arch -k       = unknown
/usr/convex/getsysinfo = unknown
/usr/bin/hostinfo      = Mach kernel version:
	 Darwin Kernel Version 20.0.0: Wed Jul 15 21:07:06 PDT 2020; root:xnu-7155.0.0.131.6~1/RELEASE_X86_64
Kernel configured for up to 4 processors.
2 processors are physically available.
4 processors are logically available.
Processor type: x86_64h (Intel x86-64h Haswell)
Processors active: 0 1 2 3
Primary memory available: 8.00 gigabytes
Default processor set: 518 tasks, 1776 threads, 4 processors
Load average: 5.66, Mach factor: 0.81
/bin/machine           = unknown
/usr/bin/oslevel       = unknown
/bin/universe          = unknown

PATH: /usr/local/bin
PATH: /usr/bin
PATH: /bin
PATH: /usr/sbin
PATH: /sbin
PATH: /Library/Apple/usr/bin


## ----------- ##
## Core tests. ##
## ----------- ##

configure:2252: checking build system type
configure:2266: result: x86_64-apple-darwin20.0.0
configure:2286: checking host system type
configure:2299: result: x86_64-apple-darwin20.0.0
configure:2319: checking target system type
configure:2332: result: x86_64-apple-darwin20.0.0
configure:2375: checking for a BSD-compatible install
configure:2443: result: /usr/bin/install -c
configure:2454: checking whether build environment is sane
configure:2509: result: yes
configure:2660: checking for a thread-safe mkdir -p
configure:2699: result: ./install-sh -c -d
configure:2706: checking for gawk
configure:2736: result: no
configure:2706: checking for mawk
configure:2736: result: no
configure:2706: checking for nawk
configure:2736: result: no
configure:2706: checking for awk
configure:2722: found /usr/bin/awk
configure:2733: result: awk
configure:2744: checking whether make sets $(MAKE)
configure:2766: result: yes
configure:2795: checking whether make supports nested variables
configure:2812: result: yes
configure:2950: checking whether make supports nested variables
configure:2967: result: yes
configure:3049: checking for gcc
configure:3065: found /usr/bin/gcc
configure:3076: result: gcc
configure:3305: checking for C compiler version
configure:3314: gcc --version >&5
Apple clang version 12.0.0 (clang-1200.0.26.2)
Target: x86_64-apple-darwin20.0.0
Thread model: posix
InstalledDir: /Library/Developer/CommandLineTools/usr/bin
Configured with: --prefix=/Library/Developer/CommandLineTools/usr --with-gxx-include-dir=/Library/Developer/CommandLineTools/SDKs/MacOSX.sdk/usr/include/c++/4.2.1
configure:3325: $? = 0
configure:3314: gcc -v >&5
Configured with: --prefix=/Library/Developer/CommandLineTools/usr --with-gxx-include-dir=/Library/Developer/CommandLineTools/SDKs/MacOSX.sdk/usr/include/c++/4.2.1
Apple clang version 12.0.0 (clang-1200.0.26.2)
Target: x86_64-apple-darwin20.0.0
Thread model: posix
InstalledDir: /Library/Developer/CommandLineTools/usr/bin
configure:3325: $? = 0
configure:3314: gcc -V >&5
clang: error: argument to '-V' is missing (expected 1 value)
clang: error: no input files
configure:3325: $? = 1
configure:3314: gcc -qversion >&5
clang: error: unknown argument '-qversion'; did you mean '--version'?
clang: error: no input files
configure:3325: $? = 1
configure:3345: checking whether the C compiler works
configure:3367: gcc    conftest.c  >&5
configure:3371: $? = 0
configure:3419: result: yes
configure:3422: checking for C compiler default output file name
configure:3424: result: a.out
configure:3430: checking for suffix of executables
configure:3437: gcc -o conftest    conftest.c  >&5
configure:3441: $? = 0
configure:3463: result: 
configure:3485: checking whether we are cross compiling
configure:3493: gcc -o conftest    conftest.c  >&5
configure:3497: $? = 0
configure:3504: ./conftest
configure:3508: $? = 0
configure:3523: result: no
configure:3528: checking for suffix of object files
configure:3550: gcc -c   conftest.c >&5
configure:3554: $? = 0
configure:3575: result: o
configure:3579: checking whether we are using the GNU C compiler
configure:3598: gcc -c   conftest.c >&5
configure:3598: $? = 0
configure:3607: result: yes
configure:3616: checking whether gcc accepts -g
configure:3636: gcc -c -g  conftest.c >&5
configure:3636: $? = 0
configure:3677: result: yes
configure:3694: checking for gcc option to accept ISO C89
configure:3757: gcc  -c -g -O2  conftest.c >&5
configure:3757: $? = 0
configure:3770: result: none needed
configure:3795: checking whether gcc understands -c and -o together
configure:3817: gcc -c conftest.c -o conftest2.o
configure:3820: $? = 0
configure:3817: gcc -c conftest.c -o conftest2.o
configure:3820: $? = 0
configure:3832: result: yes
configure:3852: checking whether make supports the include directive
configure:3867: make -f confmf.GNU && cat confinc.out
this is the am__doit target
configure:3870: $? = 0
configure:3889: result: yes (GNU style)
configure:3914: checking dependency style of gcc
configure:4025: result: gcc3
configure:4087: checking how to print strings
configure:4114: result: printf
configure:4135: checking for a sed that does not truncate output
configure:4199: result: /usr/bin/sed
configure:4217: checking for grep that handles long lines and -e
configure:4275: result: /usr/bin/grep
configure:4280: checking for egrep
configure:4342: result: /usr/bin/grep -E
configure:4347: checking for fgrep
configure:4409: result: /usr/bin/grep -F
configure:4444: checking for ld used by gcc
configure:4511: result: /Library/Developer/CommandLineTools/usr/bin/ld
configure:4518: checking if the linker (/Library/Developer/CommandLineTools/usr/bin/ld) is GNU ld
configure:4533: result: no
configure:4545: checking for BSD- or MS-compatible name lister (nm)
configure:4599: result: /usr/bin/nm -B
configure:4729: checking the name lister (/usr/bin/nm -B) interface
configure:4736: gcc -c -g -O2  conftest.c >&5
configure:4739: /usr/bin/nm -B "conftest.o"
configure:4742: output
0000000000000230 S _some_variable
configure:4749: result: BSD nm
configure:4752: checking whether ln -s works
configure:4756: result: yes
configure:4764: checking the maximum length of command line arguments
configure:4895: result: 786432
configure:4943: checking how to convert x86_64-apple-darwin20.0.0 file names to x86_64-apple-darwin20.0.0 format
configure:4983: result: func_convert_file_noop
configure:4990: checking how to convert x86_64-apple-darwin20.0.0 file names to toolchain format
configure:5010: result: func_convert_file_noop
configure:5017: checking for /Library/Developer/CommandLineTools/usr/bin/ld option to reload object files
configure:5024: result: -r
configure:5098: checking for objdump
configure:5114: found /usr/bin/objdump
configure:5125: result: objdump
configure:5157: checking how to recognize dependent libraries
configure:5357: result: pass_all
configure:5442: checking for dlltool
configure:5472: result: no
configure:5502: checking how to associate runtime and link libraries
configure:5529: result: printf %s\n
configure:5590: checking for ar
configure:5606: found /usr/bin/ar
configure:5617: result: ar
configure:5654: checking for archiver @FILE support
configure:5671: gcc -c -g -O2  conftest.c >&5
configure:5671: $? = 0
configure:5674: ar cru libconftest.a @conftest.lst >&5
ar: @conftest.lst: No such file or directory
configure:5677: $? = 1
configure:5697: result: no
configure:5755: checking for strip
configure:5771: found /usr/bin/strip
configure:5782: result: strip
configure:5854: checking for ranlib
configure:5870: found /usr/bin/ranlib
configure:5881: result: ranlib
configure:5983: checking command to parse /usr/bin/nm -B output from gcc object
configure:6136: gcc -c -g -O2  conftest.c >&5
configure:6139: $? = 0
configure:6143: /usr/bin/nm -B conftest.o \| sed -n -e 's/^.*[ ]\([BCDEGRST][BCDEGRST]*\)[ ][ ]*\([_A-Za-z][_A-Za-z0-9]*\)$/\1 \2 \2/p' | sed '/ __gnu_lto/d' \> conftest.nm
configure:6146: $? = 0
cannot find nm_test_var in conftest.nm
configure:6136: gcc -c -g -O2  conftest.c >&5
configure:6139: $? = 0
configure:6143: /usr/bin/nm -B conftest.o \| sed -n -e 's/^.*[ ]\([BCDEGRST][BCDEGRST]*\)[ ][ ]*_\([_A-Za-z][_A-Za-z0-9]*\)$/\1 _\2 \2/p' | sed '/ __gnu_lto/d' \> conftest.nm
configure:6146: $? = 0
configure:6212: gcc -o conftest -g -O2   conftest.c conftstm.o >&5
warning: (x86_64)  could not find object file symbol for symbol _main
configure:6215: $? = 0
configure:6253: result: ok
configure:6300: checking for sysroot
configure:6330: result: no
configure:6337: checking for a working dd
configure:6375: result: /bin/dd
configure:6379: checking how to truncate binary pipes
configure:6394: result: /bin/dd bs=4096 count=1
configure:6723: checking for mt
configure:6753: result: no
configure:6773: checking if : is a manifest tool
configure:6779: : '-?'
configure:6787: result: no
configure:6843: checking for dsymutil
configure:6859: found /usr/bin/dsymutil
configure:6870: result: dsymutil
configure:6935: checking for nmedit
configure:6951: found /usr/bin/nmedit
configure:6962: result: nmedit
configure:7027: checking for lipo
configure:7043: found /usr/bin/lipo
configure:7054: result: lipo
configure:7119: checking for otool
configure:7135: found /usr/bin/otool
configure:7146: result: otool
configure:7211: checking for otool64
configure:7241: result: no
configure:7286: checking for -single_module linker flag
gcc -g -O2  -o libconftest.dylib -dynamiclib -Wl,-single_module conftest.c
configure:7319: result: yes
configure:7322: checking for -exported_symbols_list linker flag
configure:7342: gcc -o conftest -g -O2   -Wl,-exported_symbols_list,conftest.sym conftest.c  >&5
configure:7342: $? = 0
configure:7352: result: yes
configure:7355: checking for -force_load linker flag
gcc -g -O2 -c -o conftest.o conftest.c
ar cru libconftest.a conftest.o
ranlib libconftest.a
gcc -g -O2  -o conftest conftest.c -Wl,-force_load,./libconftest.a
configure:7387: result: yes
configure:7459: checking how to run the C preprocessor
configure:7490: gcc -E  conftest.c
configure:7490: $? = 0
configure:7504: gcc -E  conftest.c
conftest.c:11:10: fatal error: 'ac_nonexistent.h' file not found
#include <ac_nonexistent.h>
         ^~~~~~~~~~~~~~~~~~
1 error generated.
configure:7504: $? = 1
configure: failed program was:
| /* confdefs.h */
| #define PACKAGE_NAME "idevicerestore"
| #define PACKAGE_TARNAME "idevicerestore"
| #define PACKAGE_VERSION "1.0"
| #define PACKAGE_STRING "idevicerestore 1.0"
| #define PACKAGE_BUGREPORT "https://github.com/libimobiledevice/idevicerestore/issues"
| #define PACKAGE_URL "http://libimobiledevice.org"
| #define PACKAGE "idevicerestore"
| #define VERSION "1.0"
| /* end confdefs.h.  */
| #include <ac_nonexistent.h>
configure:7529: result: gcc -E
configure:7549: gcc -E  conftest.c
configure:7549: $? = 0
configure:7563: gcc -E  conftest.c
conftest.c:11:10: fatal error: 'ac_nonexistent.h' file not found
#include <ac_nonexistent.h>
         ^~~~~~~~~~~~~~~~~~
1 error generated.
configure:7563: $? = 1
configure: failed program was:
| /* confdefs.h */
| #define PACKAGE_NAME "idevicerestore"
| #define PACKAGE_TARNAME "idevicerestore"
| #define PACKAGE_VERSION "1.0"
| #define PACKAGE_STRING "idevicerestore 1.0"
| #define PACKAGE_BUGREPORT "https://github.com/libimobiledevice/idevicerestore/issues"
| #define PACKAGE_URL "http://libimobiledevice.org"
| #define PACKAGE "idevicerestore"
| #define VERSION "1.0"
| /* end confdefs.h.  */
| #include <ac_nonexistent.h>
configure:7592: checking for ANSI C header files
configure:7612: gcc -c -g -O2  conftest.c >&5
configure:7612: $? = 0
configure:7685: gcc -o conftest -g -O2   conftest.c  >&5
configure:7685: $? = 0
configure:7685: ./conftest
configure:7685: $? = 0
configure:7696: result: yes
configure:7709: checking for sys/types.h
configure:7709: gcc -c -g -O2  conftest.c >&5
configure:7709: $? = 0
configure:7709: result: yes
configure:7709: checking for sys/stat.h
configure:7709: gcc -c -g -O2  conftest.c >&5
configure:7709: $? = 0
configure:7709: result: yes
configure:7709: checking for stdlib.h
configure:7709: gcc -c -g -O2  conftest.c >&5
configure:7709: $? = 0
configure:7709: result: yes
configure:7709: checking for string.h
configure:7709: gcc -c -g -O2  conftest.c >&5
configure:7709: $? = 0
configure:7709: result: yes
configure:7709: checking for memory.h
configure:7709: gcc -c -g -O2  conftest.c >&5
configure:7709: $? = 0
configure:7709: result: yes
configure:7709: checking for strings.h
configure:7709: gcc -c -g -O2  conftest.c >&5
configure:7709: $? = 0
configure:7709: result: yes
configure:7709: checking for inttypes.h
configure:7709: gcc -c -g -O2  conftest.c >&5
configure:7709: $? = 0
configure:7709: result: yes
configure:7709: checking for stdint.h
configure:7709: gcc -c -g -O2  conftest.c >&5
configure:7709: $? = 0
configure:7709: result: yes
configure:7709: checking for unistd.h
configure:7709: gcc -c -g -O2  conftest.c >&5
configure:7709: $? = 0
configure:7709: result: yes
configure:7723: checking for dlfcn.h
configure:7723: gcc -c -g -O2  conftest.c >&5
configure:7723: $? = 0
configure:7723: result: yes
configure:7979: checking for objdir
configure:7994: result: .libs
configure:8258: checking if gcc supports -fno-rtti -fno-exceptions
configure:8276: gcc -c -g -O2  -fno-rtti -fno-exceptions conftest.c >&5
configure:8280: $? = 0
configure:8293: result: yes
configure:8651: checking for gcc option to produce PIC
configure:8658: result: -fno-common -DPIC
configure:8666: checking if gcc PIC flag -fno-common -DPIC works
configure:8684: gcc -c -g -O2  -fno-common -DPIC -DPIC conftest.c >&5
configure:8688: $? = 0
configure:8701: result: yes
configure:8730: checking if gcc static flag -static works
configure:8758: result: no
configure:8773: checking if gcc supports -c -o file.o
configure:8794: gcc -c -g -O2  -o out/conftest2.o conftest.c >&5
configure:8798: $? = 0
configure:8820: result: yes
configure:8828: checking if gcc supports -c -o file.o
configure:8875: result: yes
configure:8908: checking whether the gcc linker (/Library/Developer/CommandLineTools/usr/bin/ld) supports shared libraries
configure:10167: result: yes
configure:10407: checking dynamic linker characteristics
configure:11225: result: darwin20.0.0 dyld
configure:11347: checking how to hardcode library paths into programs
configure:11372: result: immediate
configure:11920: checking whether stripping libraries is possible
configure:11934: result: yes
configure:11960: checking if libtool supports shared libraries
configure:11962: result: yes
configure:11965: checking whether to build shared libraries
configure:11990: result: yes
configure:11993: checking whether to build static libraries
configure:11997: result: yes
configure:12090: checking for pkg-config
configure:12108: found /usr/local/bin/pkg-config
configure:12120: result: /usr/local/bin/pkg-config
configure:12145: checking pkg-config is at least version 0.9.0
configure:12148: result: yes
configure:12158: checking for libirecovery >= 0.2.0
configure:12165: $PKG_CONFIG --exists --print-errors "libirecovery >= $LIBIRECOVERY_VERSION"
configure:12168: $? = 0
configure:12182: $PKG_CONFIG --exists --print-errors "libirecovery >= $LIBIRECOVERY_VERSION"
configure:12185: $? = 0
configure:12243: result: yes
configure:12249: checking for libimobiledevice-1.0 >= 1.2.1
configure:12256: $PKG_CONFIG --exists --print-errors "libimobiledevice-1.0 >= $LIBIMOBILEDEVICE_VERSION"
configure:12259: $? = 0
configure:12273: $PKG_CONFIG --exists --print-errors "libimobiledevice-1.0 >= $LIBIMOBILEDEVICE_VERSION"
configure:12276: $? = 0
configure:12334: result: yes
configure:12340: checking for libplist-2.0 >= 2.2.0
configure:12347: $PKG_CONFIG --exists --print-errors "libplist-2.0 >= $LIBPLIST_VERSION"
configure:12350: $? = 0
configure:12364: $PKG_CONFIG --exists --print-errors "libplist-2.0 >= $LIBPLIST_VERSION"
configure:12367: $? = 0
configure:12425: result: yes
configure:12431: checking for libzip >= 0.8
configure:12438: $PKG_CONFIG --exists --print-errors "libzip >= $LIBZIP_VERSION"
configure:12441: $? = 0
configure:12455: $PKG_CONFIG --exists --print-errors "libzip >= $LIBZIP_VERSION"
configure:12458: $? = 0
configure:12516: result: yes
configure:12522: checking for libcurl >= 7.0
configure:12529: $PKG_CONFIG --exists --print-errors "libcurl >= $LIBCURL_VERSION"
configure:12532: $? = 0
configure:12546: $PKG_CONFIG --exists --print-errors "libcurl >= $LIBCURL_VERSION"
configure:12549: $? = 0
configure:12607: result: yes
configure:12613: checking for openssl >= 0.9.8
configure:12620: $PKG_CONFIG --exists --print-errors "openssl >= $OPENSSL_VERSION"
configure:12623: $? = 0
configure:12637: $PKG_CONFIG --exists --print-errors "openssl >= $OPENSSL_VERSION"
configure:12640: $? = 0
configure:12698: result: yes
configure:12704: checking for zlib
configure:12711: $PKG_CONFIG --exists --print-errors "zlib"
configure:12714: $? = 0
configure:12728: $PKG_CONFIG --exists --print-errors "zlib"
configure:12731: $? = 0
configure:12789: result: yes
configure:12795: checking for libfragmentzip
configure:12802: $PKG_CONFIG --exists --print-errors "libfragmentzip"
configure:12805: $? = 0
configure:12819: $PKG_CONFIG --exists --print-errors "libfragmentzip"
configure:12822: $? = 0
configure:12880: result: yes
configure:12888: checking whether we need platform-specific build settings
configure:12899: result: yes
configure:13087: checking whether gcc is Clang
configure:13112: result: yes
configure:13159: checking whether Clang needs flag to prevent "argument unused" warning when linking with -pthread
configure:13184: gcc -o conftest -Werror -Wunknown-warning-option  -pthread -g -O2   conftest.c  >&5
configure:13184: $? = 0
configure:13190: (gcc -c -Werror -Wunknown-warning-option  -pthread -g -O2  conftest.c >&5) && (echo ==== >&5) && (gcc -o conftest -Werror -Wunknown-warning-option  -pthread -g -O2   conftest.o  >&5)
====
configure:13190: $? = 0
configure:13208: result: no
configure:13357: checking for joinable pthread attribute
configure:13375: gcc -o conftest -g -O2 -pthread   conftest.c   >&5
configure:13375: $? = 0
configure:13383: result: PTHREAD_CREATE_JOINABLE
configure:13397: checking whether more special flags are required for pthreads
configure:13410: result: no
configure:13418: checking for PTHREAD_PRIO_INHERIT
configure:13434: gcc -o conftest -g -O2 -pthread   conftest.c   >&5
configure:13434: $? = 0
configure:13443: result: yes
configure:14204: checking for strsep
configure:14204: gcc -o conftest -g -O2   conftest.c  >&5
configure:14204: $? = 0
configure:14204: result: yes
configure:14204: checking for strcspn
configure:14204: gcc -o conftest -g -O2   conftest.c  >&5
conftest.c:50:6: warning: incompatible redeclaration of library function 'strcspn' [-Wincompatible-library-redeclaration]
char strcspn ();
     ^
conftest.c:50:6: note: 'strcspn' is a builtin with type 'unsigned long (const char *, const char *)'
1 warning generated.
configure:14204: $? = 0
configure:14204: result: yes
configure:14204: checking for mkstemp
configure:14204: gcc -o conftest -g -O2   conftest.c  >&5
configure:14204: $? = 0
configure:14204: result: yes
configure:14204: checking for realpath
configure:14204: gcc -o conftest -g -O2   conftest.c  >&5
configure:14204: $? = 0
configure:14204: result: yes
configure:14220: checking for IDEVICE_E_TIMEOUT in enum idevice_error_t
configure:14240: gcc -c -g -O2  conftest.c >&5
configure:14240: $? = 0
configure:14247: result: yes
configure:14255: checking for RESTORE_E_RECEIVE_TIMEOUT in enum restored_error_t
configure:14275: gcc -c -g -O2  conftest.c >&5
configure:14275: $? = 0
configure:14282: result: yes
configure:14303: checking for special C compiler options needed for large files
configure:14348: result: no
configure:14354: checking for _FILE_OFFSET_BITS value needed for large files
configure:14379: gcc -c -g -O2  conftest.c >&5
configure:14379: $? = 0
configure:14411: result: no
configure:14508: checking whether make supports nested variables
configure:14525: result: yes
configure:14648: checking that generated files are newer than configure
configure:14654: result: done
configure:14681: creating ./config.status

## ---------------------- ##
## Running config.status. ##
## ---------------------- ##

This file was extended by idevicerestore config.status 1.0, which was
generated by GNU Autoconf 2.69.  Invocation command line was

  CONFIG_FILES    = 
  CONFIG_HEADERS  = 
  CONFIG_LINKS    = 
  CONFIG_COMMANDS = 
  $ ./config.status 

on Zanes-MacBook-Pro-2.local

config.status:1130: creating Makefile
config.status:1130: creating src/Makefile
config.status:1130: creating docs/Makefile
config.status:1130: creating config.h
config.status:1359: executing depfiles commands
config.status:1436: cd src       && sed -e '/# am--include-marker/d' Makefile         | make -f - am--depfiles
config.status:1441: $? = 0
config.status:1359: executing libtool commands

## ---------------- ##
## Cache variables. ##
## ---------------- ##

ac_cv_build=x86_64-apple-darwin20.0.0
ac_cv_c_compiler_gnu=yes
ac_cv_env_CC_set=
ac_cv_env_CC_value=
ac_cv_env_CFLAGS_set=
ac_cv_env_CFLAGS_value=
ac_cv_env_CPPFLAGS_set=
ac_cv_env_CPPFLAGS_value=
ac_cv_env_CPP_set=
ac_cv_env_CPP_value=
ac_cv_env_LDFLAGS_set=
ac_cv_env_LDFLAGS_value=
ac_cv_env_LIBS_set=
ac_cv_env_LIBS_value=
ac_cv_env_LT_SYS_LIBRARY_PATH_set=
ac_cv_env_LT_SYS_LIBRARY_PATH_value=
ac_cv_env_PKG_CONFIG_LIBDIR_set=
ac_cv_env_PKG_CONFIG_LIBDIR_value=
ac_cv_env_PKG_CONFIG_PATH_set=
ac_cv_env_PKG_CONFIG_PATH_value=
ac_cv_env_PKG_CONFIG_set=
ac_cv_env_PKG_CONFIG_value=
ac_cv_env_build_alias_set=
ac_cv_env_build_alias_value=
ac_cv_env_host_alias_set=
ac_cv_env_host_alias_value=
ac_cv_env_libcurl_CFLAGS_set=
ac_cv_env_libcurl_CFLAGS_value=
ac_cv_env_libcurl_LIBS_set=
ac_cv_env_libcurl_LIBS_value=
ac_cv_env_libfragmentzip_CFLAGS_set=
ac_cv_env_libfragmentzip_CFLAGS_value=
ac_cv_env_libfragmentzip_LIBS_set=
ac_cv_env_libfragmentzip_LIBS_value=
ac_cv_env_libimobiledevice_CFLAGS_set=
ac_cv_env_libimobiledevice_CFLAGS_value=
ac_cv_env_libimobiledevice_LIBS_set=
ac_cv_env_libimobiledevice_LIBS_value=
ac_cv_env_libirecovery_CFLAGS_set=
ac_cv_env_libirecovery_CFLAGS_value=
ac_cv_env_libirecovery_LIBS_set=
ac_cv_env_libirecovery_LIBS_value=
ac_cv_env_libplist_CFLAGS_set=
ac_cv_env_libplist_CFLAGS_value=
ac_cv_env_libplist_LIBS_set=
ac_cv_env_libplist_LIBS_value=
ac_cv_env_libzip_CFLAGS_set=
ac_cv_env_libzip_CFLAGS_value=
ac_cv_env_libzip_LIBS_set=
ac_cv_env_libzip_LIBS_value=
ac_cv_env_openssl_CFLAGS_set=
ac_cv_env_openssl_CFLAGS_value=
ac_cv_env_openssl_LIBS_set=
ac_cv_env_openssl_LIBS_value=
ac_cv_env_target_alias_set=
ac_cv_env_target_alias_value=
ac_cv_env_zlib_CFLAGS_set=
ac_cv_env_zlib_CFLAGS_value=
ac_cv_env_zlib_LIBS_set=
ac_cv_env_zlib_LIBS_value=
ac_cv_func_mkstemp=yes
ac_cv_func_realpath=yes
ac_cv_func_strcspn=yes
ac_cv_func_strsep=yes
ac_cv_header_dlfcn_h=yes
ac_cv_header_inttypes_h=yes
ac_cv_header_memory_h=yes
ac_cv_header_stdc=yes
ac_cv_header_stdint_h=yes
ac_cv_header_stdlib_h=yes
ac_cv_header_string_h=yes
ac_cv_header_strings_h=yes
ac_cv_header_sys_stat_h=yes
ac_cv_header_sys_types_h=yes
ac_cv_header_unistd_h=yes
ac_cv_host=x86_64-apple-darwin20.0.0
ac_cv_idevice_error_has_timeout=yes
ac_cv_objext=o
ac_cv_path_EGREP='/usr/bin/grep -E'
ac_cv_path_FGREP='/usr/bin/grep -F'
ac_cv_path_GREP=/usr/bin/grep
ac_cv_path_SED=/usr/bin/sed
ac_cv_path_ac_pt_PKG_CONFIG=/usr/local/bin/pkg-config
ac_cv_path_install='/usr/bin/install -c'
ac_cv_path_lt_DD=/bin/dd
ac_cv_prog_AWK=awk
ac_cv_prog_CPP='gcc -E'
ac_cv_prog_ac_ct_AR=ar
ac_cv_prog_ac_ct_CC=gcc
ac_cv_prog_ac_ct_DSYMUTIL=dsymutil
ac_cv_prog_ac_ct_LIPO=lipo
ac_cv_prog_ac_ct_NMEDIT=nmedit
ac_cv_prog_ac_ct_OBJDUMP=objdump
ac_cv_prog_ac_ct_OTOOL=otool
ac_cv_prog_ac_ct_RANLIB=ranlib
ac_cv_prog_ac_ct_STRIP=strip
ac_cv_prog_cc_c89=
ac_cv_prog_cc_g=yes
ac_cv_prog_make_make_set=yes
ac_cv_restored_error_has_timeout=yes
ac_cv_sys_file_offset_bits=no
ac_cv_sys_largefile_CC=no
ac_cv_target=x86_64-apple-darwin20.0.0
am_cv_CC_dependencies_compiler_type=gcc3
am_cv_make_support_nested_variables=yes
am_cv_prog_cc_c_o=yes
ax_cv_PTHREAD_CLANG=yes
ax_cv_PTHREAD_CLANG_NO_WARN_FLAG=no
ax_cv_PTHREAD_JOINABLE_ATTR=PTHREAD_CREATE_JOINABLE
ax_cv_PTHREAD_PRIO_INHERIT=yes
ax_cv_PTHREAD_SPECIAL_FLAGS=no
lt_cv_apple_cc_single_mod=yes
lt_cv_ar_at_file=no
lt_cv_deplibs_check_method=pass_all
lt_cv_file_magic_cmd='$MAGIC_CMD'
lt_cv_file_magic_test_file=
lt_cv_ld_exported_symbols_list=yes
lt_cv_ld_force_load=yes
lt_cv_ld_reload_flag=-r
lt_cv_nm_interface='BSD nm'
lt_cv_objdir=.libs
lt_cv_path_LD=/Library/Developer/CommandLineTools/usr/bin/ld
lt_cv_path_NM='/usr/bin/nm -B'
lt_cv_path_mainfest_tool=no
lt_cv_prog_compiler_c_o=yes
lt_cv_prog_compiler_pic='-fno-common -DPIC'
lt_cv_prog_compiler_pic_works=yes
lt_cv_prog_compiler_rtti_exceptions=yes
lt_cv_prog_compiler_static_works=no
lt_cv_prog_gnu_ld=no
lt_cv_sharedlib_from_linklib_cmd='printf %s\n'
lt_cv_sys_global_symbol_pipe='sed -n -e '\''s/^.*[	 ]\([BCDEGRST][BCDEGRST]*\)[	 ][	 ]*_\([_A-Za-z][_A-Za-z0-9]*\)$/\1 _\2 \2/p'\'' | sed '\''/ __gnu_lto/d'\'''
lt_cv_sys_global_symbol_to_c_name_address='sed -n -e '\''s/^: \(.*\) .*$/  {"\1", (void *) 0},/p'\'' -e '\''s/^[BCDEGRST][BCDEGRST]* .* \(.*\)$/  {"\1", (void *) \&\1},/p'\'''
lt_cv_sys_global_symbol_to_c_name_address_lib_prefix='sed -n -e '\''s/^: \(.*\) .*$/  {"\1", (void *) 0},/p'\'' -e '\''s/^[BCDEGRST][BCDEGRST]* .* \(lib.*\)$/  {"\1", (void *) \&\1},/p'\'' -e '\''s/^[BCDEGRST][BCDEGRST]* .* \(.*\)$/  {"lib\1", (void *) \&\1},/p'\'''
lt_cv_sys_global_symbol_to_cdecl='sed -n -e '\''s/^T .* \(.*\)$/extern int \1();/p'\'' -e '\''s/^[BCDEGRST][BCDEGRST]* .* \(.*\)$/extern char \1;/p'\'''
lt_cv_sys_global_symbol_to_import=
lt_cv_sys_max_cmd_len=786432
lt_cv_to_host_file_cmd=func_convert_file_noop
lt_cv_to_tool_file_cmd=func_convert_file_noop
lt_cv_truncate_bin='/bin/dd bs=4096 count=1'
pkg_cv_libcurl_CFLAGS=
pkg_cv_libcurl_LIBS=-lcurl
pkg_cv_libfragmentzip_CFLAGS='-I/usr/local/include -I/usr/local/Cellar/libzip/1.7.1/include'
pkg_cv_libfragmentzip_LIBS='-L/usr/local/lib -L/usr/local/Cellar/libzip/1.7.1/lib -lfragmentzip -lcurl -lzip -lz'
pkg_cv_libimobiledevice_CFLAGS=-I/usr/local/include
pkg_cv_libimobiledevice_LIBS='-L/usr/local/lib -limobiledevice-1.0 -lplist-2.0'
pkg_cv_libirecovery_CFLAGS=-I/usr/local/include
pkg_cv_libirecovery_LIBS='-L/usr/local/lib -lirecovery'
pkg_cv_libplist_CFLAGS=-I/usr/local/include
pkg_cv_libplist_LIBS='-L/usr/local/lib -lplist-2.0'
pkg_cv_libzip_CFLAGS=-I/usr/local/Cellar/libzip/1.7.1/include
pkg_cv_libzip_LIBS='-L/usr/local/Cellar/libzip/1.7.1/lib -lzip'
pkg_cv_openssl_CFLAGS=-I/usr/local/include
pkg_cv_openssl_LIBS='-L/usr/local/lib -lssl -lcrypto'
pkg_cv_zlib_CFLAGS=
pkg_cv_zlib_LIBS=-lz

## ----------------- ##
## Output variables. ##
## ----------------- ##

ACLOCAL='${SHELL} /Users/zanekleinberg/Desktop/idevicerestore-master/missing aclocal-1.16'
AC_LDADD=''
AC_LDFLAGS=''
AMDEPBACKSLASH='\'
AMDEP_FALSE='#'
AMDEP_TRUE=''
AMTAR='$${TAR-tar}'
AM_BACKSLASH='\'
AM_DEFAULT_V='$(AM_DEFAULT_VERBOSITY)'
AM_DEFAULT_VERBOSITY='0'
AM_V='$(V)'
AR='ar'
AUTOCONF='${SHELL} /Users/zanekleinberg/Desktop/idevicerestore-master/missing autoconf'
AUTOHEADER='${SHELL} /Users/zanekleinberg/Desktop/idevicerestore-master/missing autoheader'
AUTOMAKE='${SHELL} /Users/zanekleinberg/Desktop/idevicerestore-master/missing automake-1.16'
AWK='awk'
CC='gcc'
CCDEPMODE='depmode=gcc3'
CFLAGS='-g -O2'
CPP='gcc -E'
CPPFLAGS=''
CYGPATH_W='echo'
DEFS='-DHAVE_CONFIG_H'
DEPDIR='.deps'
DLLTOOL='false'
DSYMUTIL='dsymutil'
DUMPBIN=''
ECHO_C='\c'
ECHO_N=''
ECHO_T=''
EGREP='/usr/bin/grep -E'
EXEEXT=''
FGREP='/usr/bin/grep -F'
GLOBAL_CFLAGS='-Wno-multichar '
GREP='/usr/bin/grep'
INSTALL_DATA='${INSTALL} -m 644'
INSTALL_PROGRAM='${INSTALL}'
INSTALL_SCRIPT='${INSTALL}'
INSTALL_STRIP_PROGRAM='$(install_sh) -c -s'
LD='/Library/Developer/CommandLineTools/usr/bin/ld'
LDFLAGS=''
LIBCURL_VERSION='7.0'
LIBIMOBILEDEVICE_VERSION='1.2.1'
LIBIRECOVERY_VERSION='0.2.0'
LIBOBJS=''
LIBPLIST_VERSION='2.2.0'
LIBS=''
LIBTOOL='$(SHELL) $(top_builddir)/libtool'
LIBZIP_VERSION='0.8'
LIPO='lipo'
LN_S='ln -s'
LTLIBOBJS=''
LT_SYS_LIBRARY_PATH=''
MAKEINFO='${SHELL} /Users/zanekleinberg/Desktop/idevicerestore-master/missing makeinfo'
MANIFEST_TOOL=':'
MKDIR_P='./install-sh -c -d'
NM='/usr/bin/nm -B'
NMEDIT='nmedit'
OBJDUMP='objdump'
OBJEXT='o'
OPENSSL_VERSION='0.9.8'
OTOOL64=':'
OTOOL='otool'
PACKAGE='idevicerestore'
PACKAGE_BUGREPORT='https://github.com/libimobiledevice/idevicerestore/issues'
PACKAGE_NAME='idevicerestore'
PACKAGE_STRING='idevicerestore 1.0'
PACKAGE_TARNAME='idevicerestore'
PACKAGE_URL='http://libimobiledevice.org'
PACKAGE_VERSION='1.0'
PATH_SEPARATOR=':'
PKG_CONFIG='/usr/local/bin/pkg-config'
PKG_CONFIG_LIBDIR=''
PKG_CONFIG_PATH=''
PTHREAD_CC='gcc'
PTHREAD_CFLAGS='-pthread'
PTHREAD_LIBS=''
RANLIB='ranlib'
SED='/usr/bin/sed'
SET_MAKE=''
SHELL='/bin/sh'
STRIP='strip'
VERSION='1.0'
WIN32_FALSE=''
WIN32_TRUE='#'
ac_ct_AR='ar'
ac_ct_CC='gcc'
ac_ct_DUMPBIN=''
am__EXEEXT_FALSE=''
am__EXEEXT_TRUE='#'
am__fastdepCC_FALSE='#'
am__fastdepCC_TRUE=''
am__include='include'
am__isrc=''
am__leading_dot='.'
am__nodep='_no'
am__quote=''
am__tar='$${TAR-tar} chof - "$$tardir"'
am__untar='$${TAR-tar} xf -'
ax_pthread_config=''
bindir='${exec_prefix}/bin'
build='x86_64-apple-darwin20.0.0'
build_alias=''
build_cpu='x86_64'
build_os='darwin20.0.0'
build_vendor='apple'
datadir='${datarootdir}'
datarootdir='${prefix}/share'
docdir='${datarootdir}/doc/${PACKAGE_TARNAME}'
dvidir='${docdir}'
exec_prefix='${prefix}'
host='x86_64-apple-darwin20.0.0'
host_alias=''
host_cpu='x86_64'
host_os='darwin20.0.0'
host_vendor='apple'
htmldir='${docdir}'
includedir='${prefix}/include'
infodir='${datarootdir}/info'
install_sh='${SHELL} /Users/zanekleinberg/Desktop/idevicerestore-master/install-sh'
libcurl_CFLAGS=''
libcurl_LIBS='-lcurl'
libdir='${exec_prefix}/lib'
libexecdir='${exec_prefix}/libexec'
libfragmentzip_CFLAGS='-I/usr/local/include -I/usr/local/Cellar/libzip/1.7.1/include'
libfragmentzip_LIBS='-L/usr/local/lib -L/usr/local/Cellar/libzip/1.7.1/lib -lfragmentzip -lcurl -lzip -lz'
libimobiledevice_CFLAGS='-I/usr/local/include'
libimobiledevice_LIBS='-L/usr/local/lib -limobiledevice-1.0 -lplist-2.0'
libirecovery_CFLAGS='-I/usr/local/include'
libirecovery_LIBS='-L/usr/local/lib -lirecovery'
libplist_CFLAGS='-I/usr/local/include'
libplist_LIBS='-L/usr/local/lib -lplist-2.0'
libzip_CFLAGS='-I/usr/local/Cellar/libzip/1.7.1/include'
libzip_LIBS='-L/usr/local/Cellar/libzip/1.7.1/lib -lzip'
localedir='${datarootdir}/locale'
localstatedir='${prefix}/var'
mandir='${datarootdir}/man'
mkdir_p='$(MKDIR_P)'
oldincludedir='/usr/include'
openssl_CFLAGS='-I/usr/local/include'
openssl_LIBS='-L/usr/local/lib -lssl -lcrypto'
pdfdir='${docdir}'
prefix='/usr/local'
program_transform_name='s,x,x,'
psdir='${docdir}'
sbindir='${exec_prefix}/sbin'
sharedstatedir='${prefix}/com'
sysconfdir='${prefix}/etc'
target='x86_64-apple-darwin20.0.0'
target_alias=''
target_cpu='x86_64'
target_os='darwin20.0.0'
target_vendor='apple'
zlib_CFLAGS=''
zlib_LIBS='-lz'

## ----------- ##
## confdefs.h. ##
## ----------- ##

/* confdefs.h */
#define PACKAGE_NAME "idevicerestore"
#define PACKAGE_TARNAME "idevicerestore"
#define PACKAGE_VERSION "1.0"
#define PACKAGE_STRING "idevicerestore 1.0"
#define PACKAGE_BUGREPORT "https://github.com/libimobiledevice/idevicerestore/issues"
#define PACKAGE_URL "http://libimobiledevice.org"
#define PACKAGE "idevicerestore"
#define VERSION "1.0"
#define STDC_HEADERS 1
#define HAVE_SYS_TYPES_H 1
#define HAVE_SYS_STAT_H 1
#define HAVE_STDLIB_H 1
#define HAVE_STRING_H 1
#define HAVE_MEMORY_H 1
#define HAVE_STRINGS_H 1
#define HAVE_INTTYPES_H 1
#define HAVE_STDINT_H 1
#define HAVE_UNISTD_H 1
#define HAVE_DLFCN_H 1
#define LT_OBJDIR ".libs/"
#define _DARWIN_BETTER_REALPATH 1
#define HAVE_PTHREAD_PRIO_INHERIT 1
#define HAVE_PTHREAD 1
#define HAVE_STRSEP 1
#define HAVE_STRCSPN 1
#define HAVE_MKSTEMP 1
#define HAVE_REALPATH 1
#define HAVE_IDEVICE_E_TIMEOUT 1
#define HAVE_RESTORE_E_RECEIVE_TIMEOUT 1

configure: exit 0
